{"/Users/yasholma/Desktop/Development/lendsqr-m/index.js": {"path":"/Users/yasholma/Desktop/Development/lendsqr-m/index.js","statementMap":{"0":{"start":{"line":1,"column":0},"end":{"line":1,"column":27}},"1":{"start":{"line":2,"column":16},"end":{"line":2,"column":34}},"2":{"start":{"line":3,"column":35},"end":{"line":3,"column":54}},"3":{"start":{"line":5,"column":12},"end":{"line":5,"column":21}},"4":{"start":{"line":7,"column":0},"end":{"line":7,"column":49}},"5":{"start":{"line":8,"column":0},"end":{"line":8,"column":24}},"6":{"start":{"line":10,"column":13},"end":{"line":10,"column":37}},"7":{"start":{"line":12,"column":0},"end":{"line":14,"column":3}},"8":{"start":{"line":13,"column":2},"end":{"line":13,"column":41}},"9":{"start":{"line":16,"column":0},"end":{"line":16,"column":30}},"10":{"start":{"line":17,"column":0},"end":{"line":17,"column":29}},"11":{"start":{"line":19,"column":0},"end":{"line":21,"column":3}},"12":{"start":{"line":20,"column":2},"end":{"line":20,"column":48}},"13":{"start":{"line":23,"column":0},"end":{"line":23,"column":21}}},"fnMap":{"0":{"name":"(anonymous_0)","decl":{"start":{"line":12,"column":13},"end":{"line":12,"column":14}},"loc":{"start":{"line":12,"column":27},"end":{"line":14,"column":1}},"line":12},"1":{"name":"(anonymous_1)","decl":{"start":{"line":19,"column":17},"end":{"line":19,"column":18}},"loc":{"start":{"line":19,"column":23},"end":{"line":21,"column":1}},"line":19}},"branchMap":{"0":{"loc":{"start":{"line":10,"column":13},"end":{"line":10,"column":37}},"type":"binary-expr","locations":[{"start":{"line":10,"column":13},"end":{"line":10,"column":29}},{"start":{"line":10,"column":33},"end":{"line":10,"column":37}}],"line":10}},"s":{"0":1,"1":1,"2":1,"3":1,"4":1,"5":1,"6":1,"7":1,"8":0,"9":1,"10":1,"11":1,"12":1,"13":1},"f":{"0":0,"1":1},"b":{"0":[1,0]},"_coverageSchema":"1a1c01bbd47fc00a2c39e90264f33305004495a9","hash":"672c3d8b32b7fd6cdcbebc9ace51f0cfac95c1ed"}
,"/Users/yasholma/Desktop/Development/lendsqr-m/config/knex.js": {"path":"/Users/yasholma/Desktop/Development/lendsqr-m/config/knex.js","statementMap":{"0":{"start":{"line":1,"column":0},"end":{"line":19,"column":2}}},"fnMap":{},"branchMap":{"0":{"loc":{"start":{"line":4,"column":10},"end":{"line":4,"column":44}},"type":"binary-expr","locations":[{"start":{"line":4,"column":10},"end":{"line":4,"column":29}},{"start":{"line":4,"column":33},"end":{"line":4,"column":44}}],"line":4},"1":{"loc":{"start":{"line":5,"column":10},"end":{"line":5,"column":39}},"type":"binary-expr","locations":[{"start":{"line":5,"column":10},"end":{"line":5,"column":29}},{"start":{"line":5,"column":33},"end":{"line":5,"column":39}}],"line":5},"2":{"loc":{"start":{"line":6,"column":14},"end":{"line":6,"column":49}},"type":"binary-expr","locations":[{"start":{"line":6,"column":14},"end":{"line":6,"column":33}},{"start":{"line":6,"column":37},"end":{"line":6,"column":49}}],"line":6}},"s":{"0":1},"f":{},"b":{"0":[1,0],"1":[1,0],"2":[1,0]},"_coverageSchema":"1a1c01bbd47fc00a2c39e90264f33305004495a9","hash":"bbce5a4d50a6df5d5402a26adeab38fe427fd951"}
,"/Users/yasholma/Desktop/Development/lendsqr-m/controllers/auth.controller.js": {"path":"/Users/yasholma/Desktop/Development/lendsqr-m/controllers/auth.controller.js","statementMap":{"0":{"start":{"line":1,"column":12},"end":{"line":1,"column":31}},"1":{"start":{"line":2,"column":22},"end":{"line":2,"column":53}},"2":{"start":{"line":3,"column":27},"end":{"line":3,"column":47}},"3":{"start":{"line":7,"column":4},"end":{"line":17,"column":5}},"4":{"start":{"line":8,"column":6},"end":{"line":8,"column":43}},"5":{"start":{"line":9,"column":6},"end":{"line":9,"column":44}},"6":{"start":{"line":11,"column":6},"end":{"line":11,"column":76}},"7":{"start":{"line":13,"column":6},"end":{"line":13,"column":32}},"8":{"start":{"line":14,"column":6},"end":{"line":16,"column":78}},"9":{"start":{"line":21,"column":4},"end":{"line":40,"column":5}},"10":{"start":{"line":22,"column":34},"end":{"line":22,"column":42}},"11":{"start":{"line":23,"column":19},"end":{"line":23,"column":57}},"12":{"start":{"line":25,"column":6},"end":{"line":27,"column":7}},"13":{"start":{"line":26,"column":8},"end":{"line":26,"column":55}},"14":{"start":{"line":29,"column":20},"end":{"line":29,"column":54}},"15":{"start":{"line":30,"column":6},"end":{"line":30,"column":53}},"16":{"start":{"line":32,"column":6},"end":{"line":34,"column":65}},"17":{"start":{"line":36,"column":6},"end":{"line":36,"column":32}},"18":{"start":{"line":37,"column":6},"end":{"line":39,"column":78}},"19":{"start":{"line":44,"column":0},"end":{"line":44,"column":46}}},"fnMap":{"0":{"name":"(anonymous_0)","decl":{"start":{"line":6,"column":2},"end":{"line":6,"column":3}},"loc":{"start":{"line":6,"column":27},"end":{"line":18,"column":3}},"line":6},"1":{"name":"(anonymous_1)","decl":{"start":{"line":20,"column":2},"end":{"line":20,"column":3}},"loc":{"start":{"line":20,"column":24},"end":{"line":41,"column":3}},"line":20}},"branchMap":{"0":{"loc":{"start":{"line":15,"column":16},"end":{"line":15,"column":36}},"type":"binary-expr","locations":[{"start":{"line":15,"column":16},"end":{"line":15,"column":29}},{"start":{"line":15,"column":33},"end":{"line":15,"column":36}}],"line":15},"1":{"loc":{"start":{"line":16,"column":25},"end":{"line":16,"column":74}},"type":"binary-expr","locations":[{"start":{"line":16,"column":25},"end":{"line":16,"column":39}},{"start":{"line":16,"column":43},"end":{"line":16,"column":74}}],"line":16},"2":{"loc":{"start":{"line":25,"column":6},"end":{"line":27,"column":7}},"type":"if","locations":[{"start":{"line":25,"column":6},"end":{"line":27,"column":7}},{"start":{},"end":{}}],"line":25},"3":{"loc":{"start":{"line":25,"column":10},"end":{"line":25,"column":46}},"type":"binary-expr","locations":[{"start":{"line":25,"column":10},"end":{"line":25,"column":15}},{"start":{"line":25,"column":19},"end":{"line":25,"column":46}}],"line":25},"4":{"loc":{"start":{"line":38,"column":16},"end":{"line":38,"column":36}},"type":"binary-expr","locations":[{"start":{"line":38,"column":16},"end":{"line":38,"column":29}},{"start":{"line":38,"column":33},"end":{"line":38,"column":36}}],"line":38},"5":{"loc":{"start":{"line":39,"column":25},"end":{"line":39,"column":74}},"type":"binary-expr","locations":[{"start":{"line":39,"column":25},"end":{"line":39,"column":39}},{"start":{"line":39,"column":43},"end":{"line":39,"column":74}}],"line":39}},"s":{"0":1,"1":1,"2":1,"3":0,"4":0,"5":0,"6":0,"7":0,"8":0,"9":1,"10":1,"11":1,"12":1,"13":0,"14":1,"15":1,"16":1,"17":0,"18":0,"19":1},"f":{"0":0,"1":1},"b":{"0":[0,0],"1":[0,0],"2":[0,1],"3":[1,1],"4":[0,0],"5":[0,0]},"_coverageSchema":"1a1c01bbd47fc00a2c39e90264f33305004495a9","hash":"17be7b60eb65ed9822348746e48d456b31eee468"}
,"/Users/yasholma/Desktop/Development/lendsqr-m/controllers/user.controller.js": {"path":"/Users/yasholma/Desktop/Development/lendsqr-m/controllers/user.controller.js","statementMap":{"0":{"start":{"line":1,"column":12},"end":{"line":1,"column":31}},"1":{"start":{"line":2,"column":22},"end":{"line":2,"column":53}},"2":{"start":{"line":6,"column":4},"end":{"line":17,"column":5}},"3":{"start":{"line":7,"column":19},"end":{"line":7,"column":45}},"4":{"start":{"line":9,"column":6},"end":{"line":11,"column":74}},"5":{"start":{"line":13,"column":6},"end":{"line":13,"column":32}},"6":{"start":{"line":14,"column":6},"end":{"line":16,"column":78}},"7":{"start":{"line":21,"column":4},"end":{"line":36,"column":5}},"8":{"start":{"line":22,"column":25},"end":{"line":22,"column":33}},"9":{"start":{"line":23,"column":21},"end":{"line":23,"column":32}},"10":{"start":{"line":25,"column":6},"end":{"line":25,"column":53}},"11":{"start":{"line":26,"column":19},"end":{"line":26,"column":65}},"12":{"start":{"line":28,"column":6},"end":{"line":30,"column":70}},"13":{"start":{"line":32,"column":6},"end":{"line":32,"column":32}},"14":{"start":{"line":33,"column":6},"end":{"line":35,"column":78}},"15":{"start":{"line":40,"column":4},"end":{"line":62,"column":5}},"16":{"start":{"line":41,"column":36},"end":{"line":41,"column":44}},"17":{"start":{"line":43,"column":30},"end":{"line":47,"column":7}},"18":{"start":{"line":49,"column":19},"end":{"line":49,"column":70}},"19":{"start":{"line":51,"column":6},"end":{"line":56,"column":9}},"20":{"start":{"line":58,"column":6},"end":{"line":58,"column":32}},"21":{"start":{"line":59,"column":6},"end":{"line":61,"column":78}},"22":{"start":{"line":66,"column":4},"end":{"line":82,"column":5}},"23":{"start":{"line":67,"column":25},"end":{"line":67,"column":33}},"24":{"start":{"line":68,"column":21},"end":{"line":68,"column":32}},"25":{"start":{"line":70,"column":6},"end":{"line":70,"column":56}},"26":{"start":{"line":71,"column":19},"end":{"line":71,"column":65}},"27":{"start":{"line":73,"column":6},"end":{"line":76,"column":9}},"28":{"start":{"line":78,"column":6},"end":{"line":78,"column":32}},"29":{"start":{"line":79,"column":6},"end":{"line":81,"column":78}},"30":{"start":{"line":86,"column":4},"end":{"line":96,"column":5}},"31":{"start":{"line":87,"column":6},"end":{"line":90,"column":9}},"32":{"start":{"line":92,"column":6},"end":{"line":92,"column":32}},"33":{"start":{"line":93,"column":6},"end":{"line":95,"column":78}},"34":{"start":{"line":100,"column":4},"end":{"line":109,"column":5}},"35":{"start":{"line":101,"column":19},"end":{"line":101,"column":27}},"36":{"start":{"line":102,"column":6},"end":{"line":102,"column":59}},"37":{"start":{"line":103,"column":6},"end":{"line":103,"column":79}},"38":{"start":{"line":105,"column":6},"end":{"line":105,"column":32}},"39":{"start":{"line":106,"column":6},"end":{"line":108,"column":78}},"40":{"start":{"line":113,"column":0},"end":{"line":113,"column":46}}},"fnMap":{"0":{"name":"(anonymous_0)","decl":{"start":{"line":5,"column":2},"end":{"line":5,"column":3}},"loc":{"start":{"line":5,"column":30},"end":{"line":18,"column":3}},"line":5},"1":{"name":"(anonymous_1)","decl":{"start":{"line":20,"column":2},"end":{"line":20,"column":3}},"loc":{"start":{"line":20,"column":30},"end":{"line":37,"column":3}},"line":20},"2":{"name":"(anonymous_2)","decl":{"start":{"line":39,"column":2},"end":{"line":39,"column":3}},"loc":{"start":{"line":39,"column":31},"end":{"line":63,"column":3}},"line":39},"3":{"name":"(anonymous_3)","decl":{"start":{"line":65,"column":2},"end":{"line":65,"column":3}},"loc":{"start":{"line":65,"column":31},"end":{"line":83,"column":3}},"line":65},"4":{"name":"(anonymous_4)","decl":{"start":{"line":85,"column":2},"end":{"line":85,"column":3}},"loc":{"start":{"line":85,"column":21},"end":{"line":97,"column":3}},"line":85},"5":{"name":"(anonymous_5)","decl":{"start":{"line":99,"column":2},"end":{"line":99,"column":3}},"loc":{"start":{"line":99,"column":25},"end":{"line":110,"column":3}},"line":99}},"branchMap":{"0":{"loc":{"start":{"line":15,"column":16},"end":{"line":15,"column":36}},"type":"binary-expr","locations":[{"start":{"line":15,"column":16},"end":{"line":15,"column":29}},{"start":{"line":15,"column":33},"end":{"line":15,"column":36}}],"line":15},"1":{"loc":{"start":{"line":16,"column":25},"end":{"line":16,"column":74}},"type":"binary-expr","locations":[{"start":{"line":16,"column":25},"end":{"line":16,"column":39}},{"start":{"line":16,"column":43},"end":{"line":16,"column":74}}],"line":16},"2":{"loc":{"start":{"line":34,"column":16},"end":{"line":34,"column":36}},"type":"binary-expr","locations":[{"start":{"line":34,"column":16},"end":{"line":34,"column":29}},{"start":{"line":34,"column":33},"end":{"line":34,"column":36}}],"line":34},"3":{"loc":{"start":{"line":35,"column":25},"end":{"line":35,"column":74}},"type":"binary-expr","locations":[{"start":{"line":35,"column":25},"end":{"line":35,"column":39}},{"start":{"line":35,"column":43},"end":{"line":35,"column":74}}],"line":35},"4":{"loc":{"start":{"line":60,"column":16},"end":{"line":60,"column":36}},"type":"binary-expr","locations":[{"start":{"line":60,"column":16},"end":{"line":60,"column":29}},{"start":{"line":60,"column":33},"end":{"line":60,"column":36}}],"line":60},"5":{"loc":{"start":{"line":61,"column":25},"end":{"line":61,"column":74}},"type":"binary-expr","locations":[{"start":{"line":61,"column":25},"end":{"line":61,"column":39}},{"start":{"line":61,"column":43},"end":{"line":61,"column":74}}],"line":61},"6":{"loc":{"start":{"line":80,"column":16},"end":{"line":80,"column":36}},"type":"binary-expr","locations":[{"start":{"line":80,"column":16},"end":{"line":80,"column":29}},{"start":{"line":80,"column":33},"end":{"line":80,"column":36}}],"line":80},"7":{"loc":{"start":{"line":81,"column":25},"end":{"line":81,"column":74}},"type":"binary-expr","locations":[{"start":{"line":81,"column":25},"end":{"line":81,"column":39}},{"start":{"line":81,"column":43},"end":{"line":81,"column":74}}],"line":81},"8":{"loc":{"start":{"line":94,"column":16},"end":{"line":94,"column":36}},"type":"binary-expr","locations":[{"start":{"line":94,"column":16},"end":{"line":94,"column":29}},{"start":{"line":94,"column":33},"end":{"line":94,"column":36}}],"line":94},"9":{"loc":{"start":{"line":95,"column":25},"end":{"line":95,"column":74}},"type":"binary-expr","locations":[{"start":{"line":95,"column":25},"end":{"line":95,"column":39}},{"start":{"line":95,"column":43},"end":{"line":95,"column":74}}],"line":95},"10":{"loc":{"start":{"line":107,"column":16},"end":{"line":107,"column":36}},"type":"binary-expr","locations":[{"start":{"line":107,"column":16},"end":{"line":107,"column":29}},{"start":{"line":107,"column":33},"end":{"line":107,"column":36}}],"line":107},"11":{"loc":{"start":{"line":108,"column":25},"end":{"line":108,"column":74}},"type":"binary-expr","locations":[{"start":{"line":108,"column":25},"end":{"line":108,"column":39}},{"start":{"line":108,"column":43},"end":{"line":108,"column":74}}],"line":108}},"s":{"0":1,"1":1,"2":1,"3":1,"4":1,"5":0,"6":0,"7":0,"8":0,"9":0,"10":0,"11":0,"12":0,"13":0,"14":0,"15":0,"16":0,"17":0,"18":0,"19":0,"20":0,"21":0,"22":0,"23":0,"24":0,"25":0,"26":0,"27":0,"28":0,"29":0,"30":0,"31":0,"32":0,"33":0,"34":0,"35":0,"36":0,"37":0,"38":0,"39":0,"40":1},"f":{"0":1,"1":0,"2":0,"3":0,"4":0,"5":0},"b":{"0":[0,0],"1":[0,0],"2":[0,0],"3":[0,0],"4":[0,0],"5":[0,0],"6":[0,0],"7":[0,0],"8":[0,0],"9":[0,0],"10":[0,0],"11":[0,0]},"_coverageSchema":"1a1c01bbd47fc00a2c39e90264f33305004495a9","hash":"7a9920ed1106c95e4767bfaced06cbe4d7c45ef8"}
,"/Users/yasholma/Desktop/Development/lendsqr-m/db/index.js": {"path":"/Users/yasholma/Desktop/Development/lendsqr-m/db/index.js","statementMap":{"0":{"start":{"line":1,"column":0},"end":{"line":1,"column":27}},"1":{"start":{"line":2,"column":13},"end":{"line":2,"column":28}},"2":{"start":{"line":3,"column":19},"end":{"line":3,"column":40}},"3":{"start":{"line":5,"column":13},"end":{"line":5,"column":51}},"4":{"start":{"line":7,"column":0},"end":{"line":9,"column":2}}},"fnMap":{},"branchMap":{},"s":{"0":1,"1":1,"2":1,"3":1,"4":1},"f":{},"b":{},"_coverageSchema":"1a1c01bbd47fc00a2c39e90264f33305004495a9","hash":"277b65a2d3fb831c8832517cc9450ede83813a87"}
,"/Users/yasholma/Desktop/Development/lendsqr-m/db/knexfile.js": {"path":"/Users/yasholma/Desktop/Development/lendsqr-m/db/knexfile.js","statementMap":{"0":{"start":{"line":1,"column":0},"end":{"line":1,"column":27}},"1":{"start":{"line":2,"column":22},"end":{"line":2,"column":47}},"2":{"start":{"line":7,"column":0},"end":{"line":25,"column":2}}},"fnMap":{},"branchMap":{"0":{"loc":{"start":{"line":12,"column":16},"end":{"line":12,"column":53}},"type":"binary-expr","locations":[{"start":{"line":12,"column":16},"end":{"line":12,"column":35}},{"start":{"line":12,"column":39},"end":{"line":12,"column":53}}],"line":12},"1":{"loc":{"start":{"line":21,"column":16},"end":{"line":21,"column":63}},"type":"binary-expr","locations":[{"start":{"line":21,"column":16},"end":{"line":21,"column":40}},{"start":{"line":21,"column":44},"end":{"line":21,"column":63}}],"line":21}},"s":{"0":1,"1":1,"2":1},"f":{},"b":{"0":[1,0],"1":[1,0]},"_coverageSchema":"1a1c01bbd47fc00a2c39e90264f33305004495a9","hash":"d59bbda5591eaa1936d13010eb2e9baadb427945"}
,"/Users/yasholma/Desktop/Development/lendsqr-m/db/schema.constant.js": {"path":"/Users/yasholma/Desktop/Development/lendsqr-m/db/schema.constant.js","statementMap":{"0":{"start":{"line":1,"column":16},"end":{"line":5,"column":1}},"1":{"start":{"line":7,"column":0},"end":{"line":7,"column":26}}},"fnMap":{},"branchMap":{},"s":{"0":1,"1":1},"f":{},"b":{},"_coverageSchema":"1a1c01bbd47fc00a2c39e90264f33305004495a9","hash":"62b55d95cc4f3c43d4644a34f2cf05ab0e0aabf4"}
,"/Users/yasholma/Desktop/Development/lendsqr-m/middlewares/auth.middleware.js": {"path":"/Users/yasholma/Desktop/Development/lendsqr-m/middlewares/auth.middleware.js","statementMap":{"0":{"start":{"line":1,"column":22},"end":{"line":1,"column":53}},"1":{"start":{"line":3,"column":23},"end":{"line":26,"column":1}},"2":{"start":{"line":4,"column":16},"end":{"line":4,"column":63}},"3":{"start":{"line":6,"column":2},"end":{"line":8,"column":3}},"4":{"start":{"line":7,"column":4},"end":{"line":7,"column":71}},"5":{"start":{"line":10,"column":17},"end":{"line":10,"column":37}},"6":{"start":{"line":11,"column":2},"end":{"line":13,"column":3}},"7":{"start":{"line":12,"column":4},"end":{"line":12,"column":61}},"8":{"start":{"line":15,"column":15},"end":{"line":15,"column":77}},"9":{"start":{"line":16,"column":2},"end":{"line":18,"column":3}},"10":{"start":{"line":17,"column":4},"end":{"line":17,"column":61}},"11":{"start":{"line":20,"column":2},"end":{"line":22,"column":3}},"12":{"start":{"line":21,"column":4},"end":{"line":21,"column":71}},"13":{"start":{"line":24,"column":2},"end":{"line":24,"column":18}},"14":{"start":{"line":25,"column":2},"end":{"line":25,"column":9}},"15":{"start":{"line":28,"column":0},"end":{"line":28,"column":40}}},"fnMap":{"0":{"name":"(anonymous_0)","decl":{"start":{"line":3,"column":23},"end":{"line":3,"column":24}},"loc":{"start":{"line":3,"column":49},"end":{"line":26,"column":1}},"line":3}},"branchMap":{"0":{"loc":{"start":{"line":6,"column":2},"end":{"line":8,"column":3}},"type":"if","locations":[{"start":{"line":6,"column":2},"end":{"line":8,"column":3}},{"start":{},"end":{}}],"line":6},"1":{"loc":{"start":{"line":11,"column":2},"end":{"line":13,"column":3}},"type":"if","locations":[{"start":{"line":11,"column":2},"end":{"line":13,"column":3}},{"start":{},"end":{}}],"line":11},"2":{"loc":{"start":{"line":16,"column":2},"end":{"line":18,"column":3}},"type":"if","locations":[{"start":{"line":16,"column":2},"end":{"line":18,"column":3}},{"start":{},"end":{}}],"line":16},"3":{"loc":{"start":{"line":20,"column":2},"end":{"line":22,"column":3}},"type":"if","locations":[{"start":{"line":20,"column":2},"end":{"line":22,"column":3}},{"start":{},"end":{}}],"line":20}},"s":{"0":1,"1":1,"2":1,"3":1,"4":0,"5":1,"6":1,"7":0,"8":1,"9":1,"10":0,"11":1,"12":0,"13":1,"14":1,"15":1},"f":{"0":1},"b":{"0":[0,1],"1":[0,1],"2":[0,1],"3":[0,1]},"_coverageSchema":"1a1c01bbd47fc00a2c39e90264f33305004495a9","hash":"4a804075ef84e8b5e933a4677ebd875d08421ca4"}
,"/Users/yasholma/Desktop/Development/lendsqr-m/middlewares/auth_validation.middleware.js": {"path":"/Users/yasholma/Desktop/Development/lendsqr-m/middlewares/auth_validation.middleware.js","statementMap":{"0":{"start":{"line":1,"column":17},"end":{"line":1,"column":45}},"1":{"start":{"line":3,"column":32},"end":{"line":11,"column":1}},"2":{"start":{"line":4,"column":2},"end":{"line":10,"column":4}},"3":{"start":{"line":13,"column":29},"end":{"line":18,"column":1}},"4":{"start":{"line":14,"column":2},"end":{"line":17,"column":4}},"5":{"start":{"line":20,"column":0},"end":{"line":23,"column":2}}},"fnMap":{"0":{"name":"(anonymous_0)","decl":{"start":{"line":3,"column":32},"end":{"line":3,"column":33}},"loc":{"start":{"line":3,"column":38},"end":{"line":11,"column":1}},"line":3},"1":{"name":"(anonymous_1)","decl":{"start":{"line":13,"column":29},"end":{"line":13,"column":30}},"loc":{"start":{"line":13,"column":35},"end":{"line":18,"column":1}},"line":13}},"branchMap":{},"s":{"0":1,"1":1,"2":1,"3":1,"4":1,"5":1},"f":{"0":1,"1":1},"b":{},"_coverageSchema":"1a1c01bbd47fc00a2c39e90264f33305004495a9","hash":"1a1b67a0229d1bb7bc228600069765d665192dab"}
,"/Users/yasholma/Desktop/Development/lendsqr-m/middlewares/index.js": {"path":"/Users/yasholma/Desktop/Development/lendsqr-m/middlewares/index.js","statementMap":{"0":{"start":{"line":1,"column":29},"end":{"line":1,"column":57}},"1":{"start":{"line":2,"column":35},"end":{"line":2,"column":55}},"2":{"start":{"line":4,"column":29},"end":{"line":14,"column":1}},"3":{"start":{"line":5,"column":17},"end":{"line":5,"column":38}},"4":{"start":{"line":7,"column":2},"end":{"line":9,"column":3}},"5":{"start":{"line":8,"column":4},"end":{"line":8,"column":18}},"6":{"start":{"line":11,"column":2},"end":{"line":13,"column":5}},"7":{"start":{"line":16,"column":0},"end":{"line":18,"column":2}}},"fnMap":{"0":{"name":"(anonymous_0)","decl":{"start":{"line":4,"column":29},"end":{"line":4,"column":30}},"loc":{"start":{"line":4,"column":49},"end":{"line":14,"column":1}},"line":4}},"branchMap":{"0":{"loc":{"start":{"line":7,"column":2},"end":{"line":9,"column":3}},"type":"if","locations":[{"start":{"line":7,"column":2},"end":{"line":9,"column":3}},{"start":{},"end":{}}],"line":7}},"s":{"0":1,"1":1,"2":1,"3":1,"4":1,"5":1,"6":0,"7":1},"f":{"0":1},"b":{"0":[1,0]},"_coverageSchema":"1a1c01bbd47fc00a2c39e90264f33305004495a9","hash":"4c91c21666759d6178f24201b0e3289dc9c57043"}
,"/Users/yasholma/Desktop/Development/lendsqr-m/middlewares/user_validation.middleware.js": {"path":"/Users/yasholma/Desktop/Development/lendsqr-m/middlewares/user_validation.middleware.js","statementMap":{"0":{"start":{"line":1,"column":17},"end":{"line":1,"column":45}},"1":{"start":{"line":3,"column":35},"end":{"line":5,"column":1}},"2":{"start":{"line":4,"column":2},"end":{"line":4,"column":71}},"3":{"start":{"line":7,"column":36},"end":{"line":12,"column":1}},"4":{"start":{"line":8,"column":2},"end":{"line":11,"column":4}},"5":{"start":{"line":14,"column":36},"end":{"line":18,"column":1}},"6":{"start":{"line":15,"column":2},"end":{"line":17,"column":4}},"7":{"start":{"line":20,"column":0},"end":{"line":24,"column":2}}},"fnMap":{"0":{"name":"(anonymous_0)","decl":{"start":{"line":3,"column":35},"end":{"line":3,"column":36}},"loc":{"start":{"line":3,"column":41},"end":{"line":5,"column":1}},"line":3},"1":{"name":"(anonymous_1)","decl":{"start":{"line":7,"column":36},"end":{"line":7,"column":37}},"loc":{"start":{"line":7,"column":42},"end":{"line":12,"column":1}},"line":7},"2":{"name":"(anonymous_2)","decl":{"start":{"line":14,"column":36},"end":{"line":14,"column":37}},"loc":{"start":{"line":14,"column":42},"end":{"line":18,"column":1}},"line":14}},"branchMap":{},"s":{"0":1,"1":1,"2":1,"3":1,"4":1,"5":1,"6":1,"7":1},"f":{"0":1,"1":1,"2":1},"b":{},"_coverageSchema":"1a1c01bbd47fc00a2c39e90264f33305004495a9","hash":"c70e62bf47b5315328de19d22ffcc07ca8a94481"}
,"/Users/yasholma/Desktop/Development/lendsqr-m/models/user.model.js": {"path":"/Users/yasholma/Desktop/Development/lendsqr-m/models/user.model.js","statementMap":{"0":{"start":{"line":1,"column":17},"end":{"line":1,"column":33}},"1":{"start":{"line":2,"column":20},"end":{"line":2,"column":52}},"2":{"start":{"line":3,"column":24},"end":{"line":3,"column":49}},"3":{"start":{"line":7,"column":4},"end":{"line":9,"column":7}},"4":{"start":{"line":13,"column":17},"end":{"line":22,"column":14}},"5":{"start":{"line":24,"column":4},"end":{"line":29,"column":5}},"6":{"start":{"line":25,"column":6},"end":{"line":28,"column":8}},"7":{"start":{"line":31,"column":4},"end":{"line":34,"column":5}},"8":{"start":{"line":32,"column":21},"end":{"line":32,"column":57}},"9":{"start":{"line":33,"column":6},"end":{"line":33,"column":27}},"10":{"start":{"line":36,"column":4},"end":{"line":36,"column":16}},"11":{"start":{"line":40,"column":17},"end":{"line":40,"column":66}},"12":{"start":{"line":42,"column":4},"end":{"line":47,"column":5}},"13":{"start":{"line":43,"column":6},"end":{"line":46,"column":8}},"14":{"start":{"line":49,"column":4},"end":{"line":49,"column":16}},"15":{"start":{"line":53,"column":4},"end":{"line":55,"column":30}},"16":{"start":{"line":59,"column":4},"end":{"line":82,"column":5}},"17":{"start":{"line":60,"column":22},"end":{"line":60,"column":63}},"18":{"start":{"line":62,"column":6},"end":{"line":67,"column":7}},"19":{"start":{"line":63,"column":8},"end":{"line":66,"column":10}},"20":{"start":{"line":69,"column":6},"end":{"line":79,"column":9}},"21":{"start":{"line":70,"column":21},"end":{"line":72,"column":27}},"22":{"start":{"line":74,"column":30},"end":{"line":74,"column":44}},"23":{"start":{"line":76,"column":8},"end":{"line":78,"column":28}},"24":{"start":{"line":81,"column":6},"end":{"line":81,"column":18}},"25":{"start":{"line":86,"column":4},"end":{"line":91,"column":5}},"26":{"start":{"line":87,"column":6},"end":{"line":90,"column":8}},"27":{"start":{"line":93,"column":23},"end":{"line":93,"column":51}},"28":{"start":{"line":94,"column":4},"end":{"line":94,"column":64}},"29":{"start":{"line":98,"column":4},"end":{"line":103,"column":5}},"30":{"start":{"line":99,"column":6},"end":{"line":102,"column":8}},"31":{"start":{"line":105,"column":4},"end":{"line":110,"column":5}},"32":{"start":{"line":106,"column":6},"end":{"line":109,"column":8}},"33":{"start":{"line":112,"column":4},"end":{"line":117,"column":5}},"34":{"start":{"line":113,"column":6},"end":{"line":116,"column":8}},"35":{"start":{"line":119,"column":28},"end":{"line":119,"column":72}},"36":{"start":{"line":121,"column":4},"end":{"line":126,"column":5}},"37":{"start":{"line":122,"column":6},"end":{"line":125,"column":8}},"38":{"start":{"line":128,"column":4},"end":{"line":128,"column":80}},"39":{"start":{"line":130,"column":4},"end":{"line":130,"column":27}},"40":{"start":{"line":139,"column":4},"end":{"line":144,"column":5}},"41":{"start":{"line":140,"column":6},"end":{"line":143,"column":8}},"42":{"start":{"line":146,"column":4},"end":{"line":151,"column":5}},"43":{"start":{"line":147,"column":6},"end":{"line":150,"column":8}},"44":{"start":{"line":153,"column":23},"end":{"line":153,"column":60}},"45":{"start":{"line":154,"column":4},"end":{"line":154,"column":64}},"46":{"start":{"line":158,"column":0},"end":{"line":158,"column":31}}},"fnMap":{"0":{"name":"(anonymous_0)","decl":{"start":{"line":6,"column":2},"end":{"line":6,"column":3}},"loc":{"start":{"line":6,"column":19},"end":{"line":10,"column":3}},"line":6},"1":{"name":"(anonymous_1)","decl":{"start":{"line":12,"column":2},"end":{"line":12,"column":3}},"loc":{"start":{"line":12,"column":64},"end":{"line":37,"column":3}},"line":12},"2":{"name":"(anonymous_2)","decl":{"start":{"line":39,"column":2},"end":{"line":39,"column":3}},"loc":{"start":{"line":39,"column":31},"end":{"line":50,"column":3}},"line":39},"3":{"name":"(anonymous_3)","decl":{"start":{"line":52,"column":2},"end":{"line":52,"column":3}},"loc":{"start":{"line":52,"column":32},"end":{"line":56,"column":3}},"line":52},"4":{"name":"(anonymous_4)","decl":{"start":{"line":58,"column":2},"end":{"line":58,"column":3}},"loc":{"start":{"line":58,"column":28},"end":{"line":83,"column":3}},"line":58},"5":{"name":"(anonymous_5)","decl":{"start":{"line":69,"column":29},"end":{"line":69,"column":30}},"loc":{"start":{"line":69,"column":44},"end":{"line":79,"column":7}},"line":69},"6":{"name":"(anonymous_6)","decl":{"start":{"line":85,"column":2},"end":{"line":85,"column":3}},"loc":{"start":{"line":85,"column":34},"end":{"line":95,"column":3}},"line":85},"7":{"name":"(anonymous_7)","decl":{"start":{"line":97,"column":2},"end":{"line":97,"column":3}},"loc":{"start":{"line":97,"column":46},"end":{"line":131,"column":3}},"line":97},"8":{"name":"(anonymous_8)","decl":{"start":{"line":138,"column":2},"end":{"line":138,"column":3}},"loc":{"start":{"line":138,"column":46},"end":{"line":155,"column":3}},"line":138}},"branchMap":{"0":{"loc":{"start":{"line":12,"column":25},"end":{"line":12,"column":38}},"type":"default-arg","locations":[{"start":{"line":12,"column":36},"end":{"line":12,"column":38}}],"line":12},"1":{"loc":{"start":{"line":12,"column":40},"end":{"line":12,"column":62}},"type":"default-arg","locations":[{"start":{"line":12,"column":57},"end":{"line":12,"column":62}}],"line":12},"2":{"loc":{"start":{"line":24,"column":4},"end":{"line":29,"column":5}},"type":"if","locations":[{"start":{"line":24,"column":4},"end":{"line":29,"column":5}},{"start":{},"end":{}}],"line":24},"3":{"loc":{"start":{"line":31,"column":4},"end":{"line":34,"column":5}},"type":"if","locations":[{"start":{"line":31,"column":4},"end":{"line":34,"column":5}},{"start":{},"end":{}}],"line":31},"4":{"loc":{"start":{"line":31,"column":8},"end":{"line":31,"column":30}},"type":"binary-expr","locations":[{"start":{"line":31,"column":8},"end":{"line":31,"column":12}},{"start":{"line":31,"column":16},"end":{"line":31,"column":30}}],"line":31},"5":{"loc":{"start":{"line":42,"column":4},"end":{"line":47,"column":5}},"type":"if","locations":[{"start":{"line":42,"column":4},"end":{"line":47,"column":5}},{"start":{},"end":{}}],"line":42},"6":{"loc":{"start":{"line":62,"column":6},"end":{"line":67,"column":7}},"type":"if","locations":[{"start":{"line":62,"column":6},"end":{"line":67,"column":7}},{"start":{},"end":{}}],"line":62},"7":{"loc":{"start":{"line":86,"column":4},"end":{"line":91,"column":5}},"type":"if","locations":[{"start":{"line":86,"column":4},"end":{"line":91,"column":5}},{"start":{},"end":{}}],"line":86},"8":{"loc":{"start":{"line":98,"column":4},"end":{"line":103,"column":5}},"type":"if","locations":[{"start":{"line":98,"column":4},"end":{"line":103,"column":5}},{"start":{},"end":{}}],"line":98},"9":{"loc":{"start":{"line":105,"column":4},"end":{"line":110,"column":5}},"type":"if","locations":[{"start":{"line":105,"column":4},"end":{"line":110,"column":5}},{"start":{},"end":{}}],"line":105},"10":{"loc":{"start":{"line":112,"column":4},"end":{"line":117,"column":5}},"type":"if","locations":[{"start":{"line":112,"column":4},"end":{"line":117,"column":5}},{"start":{},"end":{}}],"line":112},"11":{"loc":{"start":{"line":121,"column":4},"end":{"line":126,"column":5}},"type":"if","locations":[{"start":{"line":121,"column":4},"end":{"line":126,"column":5}},{"start":{},"end":{}}],"line":121},"12":{"loc":{"start":{"line":139,"column":4},"end":{"line":144,"column":5}},"type":"if","locations":[{"start":{"line":139,"column":4},"end":{"line":144,"column":5}},{"start":{},"end":{}}],"line":139},"13":{"loc":{"start":{"line":146,"column":4},"end":{"line":151,"column":5}},"type":"if","locations":[{"start":{"line":146,"column":4},"end":{"line":151,"column":5}},{"start":{},"end":{}}],"line":146}},"s":{"0":1,"1":1,"2":1,"3":1,"4":3,"5":3,"6":1,"7":2,"8":1,"9":1,"10":2,"11":1,"12":1,"13":0,"14":1,"15":1,"16":0,"17":0,"18":0,"19":0,"20":0,"21":0,"22":0,"23":0,"24":0,"25":0,"26":0,"27":0,"28":0,"29":0,"30":0,"31":0,"32":0,"33":0,"34":0,"35":0,"36":0,"37":0,"38":0,"39":0,"40":0,"41":0,"42":0,"43":0,"44":0,"45":0,"46":1},"f":{"0":1,"1":3,"2":1,"3":1,"4":0,"5":0,"6":0,"7":0,"8":0},"b":{"0":[2],"1":[2],"2":[1,2],"3":[1,1],"4":[2,2],"5":[0,1],"6":[0,0],"7":[0,0],"8":[0,0],"9":[0,0],"10":[0,0],"11":[0,0],"12":[0,0],"13":[0,0]},"_coverageSchema":"1a1c01bbd47fc00a2c39e90264f33305004495a9","hash":"6488cc1ae1a5470f9be3b3a0baf00075e4ace438"}
,"/Users/yasholma/Desktop/Development/lendsqr-m/models/wallet.model.js": {"path":"/Users/yasholma/Desktop/Development/lendsqr-m/models/wallet.model.js","statementMap":{"0":{"start":{"line":1,"column":17},"end":{"line":1,"column":33}},"1":{"start":{"line":2,"column":15},"end":{"line":2,"column":32}},"2":{"start":{"line":3,"column":20},"end":{"line":3,"column":52}},"3":{"start":{"line":7,"column":4},"end":{"line":9,"column":58}},"4":{"start":{"line":13,"column":4},"end":{"line":16,"column":15}},"5":{"start":{"line":20,"column":4},"end":{"line":36,"column":5}},"6":{"start":{"line":21,"column":6},"end":{"line":33,"column":9}},"7":{"start":{"line":22,"column":31},"end":{"line":22,"column":52}},"8":{"start":{"line":23,"column":8},"end":{"line":26,"column":28}},"9":{"start":{"line":28,"column":32},"end":{"line":28,"column":51}},"10":{"start":{"line":29,"column":8},"end":{"line":32,"column":28}},"11":{"start":{"line":35,"column":6},"end":{"line":35,"column":18}},"12":{"start":{"line":40,"column":0},"end":{"line":40,"column":35}}},"fnMap":{"0":{"name":"(anonymous_0)","decl":{"start":{"line":6,"column":2},"end":{"line":6,"column":3}},"loc":{"start":{"line":6,"column":34},"end":{"line":10,"column":3}},"line":6},"1":{"name":"(anonymous_1)","decl":{"start":{"line":12,"column":2},"end":{"line":12,"column":3}},"loc":{"start":{"line":12,"column":31},"end":{"line":17,"column":3}},"line":12},"2":{"name":"(anonymous_2)","decl":{"start":{"line":19,"column":2},"end":{"line":19,"column":3}},"loc":{"start":{"line":19,"column":39},"end":{"line":37,"column":3}},"line":19},"3":{"name":"(anonymous_3)","decl":{"start":{"line":21,"column":29},"end":{"line":21,"column":30}},"loc":{"start":{"line":21,"column":44},"end":{"line":33,"column":7}},"line":21}},"branchMap":{},"s":{"0":1,"1":1,"2":1,"3":0,"4":1,"5":0,"6":0,"7":0,"8":0,"9":0,"10":0,"11":0,"12":1},"f":{"0":0,"1":1,"2":0,"3":0},"b":{},"_coverageSchema":"1a1c01bbd47fc00a2c39e90264f33305004495a9","hash":"386c17d8b05e63e9fd3555c849009a598b82dffa"}
,"/Users/yasholma/Desktop/Development/lendsqr-m/routes/auth.route.js": {"path":"/Users/yasholma/Desktop/Development/lendsqr-m/routes/auth.route.js","statementMap":{"0":{"start":{"line":1,"column":27},"end":{"line":1,"column":68}},"1":{"start":{"line":2,"column":33},"end":{"line":2,"column":58}},"2":{"start":{"line":6,"column":4},"end":{"line":6,"column":56}},"3":{"start":{"line":8,"column":15},"end":{"line":8,"column":42}},"4":{"start":{"line":10,"column":0},"end":{"line":15,"column":2}},"5":{"start":{"line":17,"column":0},"end":{"line":22,"column":2}},"6":{"start":{"line":24,"column":0},"end":{"line":24,"column":28}}},"fnMap":{},"branchMap":{},"s":{"0":1,"1":1,"2":1,"3":1,"4":1,"5":1,"6":1},"f":{},"b":{},"_coverageSchema":"1a1c01bbd47fc00a2c39e90264f33305004495a9","hash":"57da852bc95799d4dc2840607639382fcd8d27c5"}
,"/Users/yasholma/Desktop/Development/lendsqr-m/routes/index.js": {"path":"/Users/yasholma/Desktop/Development/lendsqr-m/routes/index.js","statementMap":{"0":{"start":{"line":1,"column":23},"end":{"line":1,"column":46}},"1":{"start":{"line":2,"column":23},"end":{"line":2,"column":46}},"2":{"start":{"line":4,"column":0},"end":{"line":7,"column":2}}},"fnMap":{},"branchMap":{},"s":{"0":1,"1":1,"2":1},"f":{},"b":{},"_coverageSchema":"1a1c01bbd47fc00a2c39e90264f33305004495a9","hash":"15993b093a132417ba087b68b0158672a5d678da"}
,"/Users/yasholma/Desktop/Development/lendsqr-m/routes/user.route.js": {"path":"/Users/yasholma/Desktop/Development/lendsqr-m/routes/user.route.js","statementMap":{"0":{"start":{"line":1,"column":27},"end":{"line":1,"column":68}},"1":{"start":{"line":2,"column":33},"end":{"line":2,"column":58}},"2":{"start":{"line":3,"column":27},"end":{"line":3,"column":68}},"3":{"start":{"line":8,"column":4},"end":{"line":8,"column":56}},"4":{"start":{"line":10,"column":15},"end":{"line":10,"column":42}},"5":{"start":{"line":12,"column":0},"end":{"line":12,"column":60}},"6":{"start":{"line":13,"column":0},"end":{"line":13,"column":53}},"7":{"start":{"line":15,"column":0},"end":{"line":21,"column":2}},"8":{"start":{"line":23,"column":0},"end":{"line":29,"column":2}},"9":{"start":{"line":31,"column":0},"end":{"line":37,"column":2}},"10":{"start":{"line":39,"column":0},"end":{"line":39,"column":61}},"11":{"start":{"line":41,"column":0},"end":{"line":41,"column":28}}},"fnMap":{},"branchMap":{},"s":{"0":1,"1":1,"2":1,"3":1,"4":1,"5":1,"6":1,"7":1,"8":1,"9":1,"10":1,"11":1},"f":{},"b":{},"_coverageSchema":"1a1c01bbd47fc00a2c39e90264f33305004495a9","hash":"2f0f7e15dff5385f13e4946e3ea6702f5f29b484"}
,"/Users/yasholma/Desktop/Development/lendsqr-m/tests/mock.js": {"path":"/Users/yasholma/Desktop/Development/lendsqr-m/tests/mock.js","statementMap":{"0":{"start":{"line":1,"column":21},"end":{"line":18,"column":1}},"1":{"start":{"line":3,"column":4},"end":{"line":16,"column":6}},"2":{"start":{"line":20,"column":26},"end":{"line":24,"column":1}},"3":{"start":{"line":26,"column":26},"end":{"line":30,"column":1}},"4":{"start":{"line":32,"column":0},"end":{"line":36,"column":2}}},"fnMap":{"0":{"name":"(anonymous_0)","decl":{"start":{"line":2,"column":2},"end":{"line":2,"column":3}},"loc":{"start":{"line":2,"column":10},"end":{"line":17,"column":3}},"line":2}},"branchMap":{},"s":{"0":2,"1":1,"2":2,"3":2,"4":2},"f":{"0":1},"b":{},"_coverageSchema":"1a1c01bbd47fc00a2c39e90264f33305004495a9","hash":"ca8b1ca82698610bbb16f51298a0a3beb88f089f"}
,"/Users/yasholma/Desktop/Development/lendsqr-m/utills/index.js": {"path":"/Users/yasholma/Desktop/Development/lendsqr-m/utills/index.js","statementMap":{"0":{"start":{"line":2,"column":13},"end":{"line":2,"column":54}},"1":{"start":{"line":4,"column":15},"end":{"line":4,"column":17}},"2":{"start":{"line":5,"column":2},"end":{"line":7,"column":3}},"3":{"start":{"line":5,"column":15},"end":{"line":5,"column":21}},"4":{"start":{"line":6,"column":4},"end":{"line":6,"column":66}},"5":{"start":{"line":8,"column":2},"end":{"line":8,"column":16}},"6":{"start":{"line":12,"column":26},"end":{"line":12,"column":28}},"7":{"start":{"line":13,"column":2},"end":{"line":13,"column":78}},"8":{"start":{"line":13,"column":30},"end":{"line":13,"column":76}},"9":{"start":{"line":14,"column":2},"end":{"line":14,"column":25}},"10":{"start":{"line":17,"column":0},"end":{"line":20,"column":2}}},"fnMap":{"0":{"name":"generateRandom","decl":{"start":{"line":1,"column":9},"end":{"line":1,"column":23}},"loc":{"start":{"line":1,"column":32},"end":{"line":9,"column":1}},"line":1},"1":{"name":"formatValidationErrors","decl":{"start":{"line":11,"column":9},"end":{"line":11,"column":31}},"loc":{"start":{"line":11,"column":40},"end":{"line":15,"column":1}},"line":11},"2":{"name":"(anonymous_2)","decl":{"start":{"line":13,"column":21},"end":{"line":13,"column":22}},"loc":{"start":{"line":13,"column":30},"end":{"line":13,"column":76}},"line":13}},"branchMap":{},"s":{"0":2,"1":2,"2":2,"3":2,"4":20,"5":2,"6":1,"7":1,"8":2,"9":1,"10":2},"f":{"0":2,"1":1,"2":2},"b":{},"_coverageSchema":"1a1c01bbd47fc00a2c39e90264f33305004495a9","hash":"01936f612a06dc571d467ee677d71c10cb450ff7"}
}
